I0609 14:20:23.613077 28309 caffe.cpp:217] Using GPUs 0
I0609 14:20:23.617794 28309 caffe.cpp:222] GPU 0: TITAN X (Pascal)
I0609 14:20:24.036480 28309 solver.cpp:63] Initializing solver from parameters: 
train_net: "models/VGGNet/grayscale_tbs_v2.0/SSD_300x300/train.prototxt"
test_net: "models/VGGNet/grayscale_tbs_v2.0/SSD_300x300/test.prototxt"
test_iter: 25
test_interval: 200
base_lr: 0.0005
display: 10
max_iter: 200000
lr_policy: "multistep"
gamma: 0.1
momentum: 0.9
weight_decay: 0.0005
snapshot: 2000
snapshot_prefix: "models/VGGNet/grayscale_tbs_v2.0/SSD_300x300/VGG_tbs_300x300_HSIL_10x_SSD_300x300"
solver_mode: GPU
device_id: 0
debug_info: false
train_state {
  level: 0
  stage: ""
}
snapshot_after_train: true
test_initialization: false
average_loss: 10
stepvalue: 180000
stepvalue: 200000
stepvalue: 220000
iter_size: 1
type: "SGD"
eval_type: "detection"
ap_version: "11point"
I0609 14:20:24.036628 28309 solver.cpp:96] Creating training net from train_net file: models/VGGNet/grayscale_tbs_v2.0/SSD_300x300/train.prototxt
I0609 14:20:24.038008 28309 net.cpp:58] Initializing net from parameters: 
name: "VGG_tbs_300x300_HSIL_10x_SSD_300x300_train"
state {
  phase: TRAIN
  level: 0
  stage: ""
}
layer {
  name: "data"
  type: "AnnotatedData"
  top: "data"
  top: "label"
  include {
    phase: TRAIN
  }
  transform_param {
    mirror: true
    mean_value: 114
    resize_param {
      prob: 1
      resize_mode: WARP
      height: 300
      width: 300
      interp_mode: LINEAR
      interp_mode: AREA
      interp_mode: NEAREST
      interp_mode: CUBIC
      interp_mode: LANCZOS4
    }
    emit_constraint {
      emit_type: CENTER
    }
    distort_param {
      brightness_prob: 0.5
      brightness_delta: 32
      contrast_prob: 0.5
      contrast_lower: 0.5
      contrast_upper: 1.5
      hue_prob: 0.5
      hue_delta: 18
      saturation_prob: 0.5
      saturation_lower: 0.5
      saturation_upper: 1.5
      random_order_prob: 0
    }
    expand_param {
      prob: 0.5
      max_expand_ratio: 4
    }
  }
  data_param {
    source: "examples/grayscale_tbs_v2.0/grayscale_tbs_v2.0_test_lmdb"
    batch_size: 4
    backend: LMDB
  }
  annotated_data_param {
    batch_sampler {
      max_sample: 1
      max_trials: 1
    }
    batch_sampler {
      sampler {
        min_scale: 0.3
        max_scale: 1
        min_aspect_ratio: 0.5
        max_aspect_ratio: 2
      }
      sample_constraint {
        min_jaccard_overlap: 0.1
      }
      max_sample: 1
      max_trials: 50
    }
    batch_sampler {
      sampler {
        min_scale: 0.3
        max_scale: 1
        min_aspect_ratio: 0.5
        max_aspect_ratio: 2
      }
      sample_constraint {
        min_jaccard_overlap: 0.3
      }
      max_sample: 1
      max_trials: 50
    }
    batch_sampler {
      sampler {
        min_scale: 0.3
        max_scale: 1
        min_aspect_ratio: 0.5
        max_aspect_ratio: 2
      }
      sample_constraint {
        min_jaccard_overlap: 0.5
      }
      max_sample: 1
      max_trials: 50
    }
    batch_sampler {
      sampler {
        min_scale: 0.3
        max_scale: 1
        min_aspect_ratio: 0.5
        max_aspect_ratio: 2
      }
      sample_constraint {
        min_jaccard_overlap: 0.7
      }
      max_sample: 1
      max_trials: 50
    }
    batch_sampler {
      sampler {
        min_scale: 0.3
        max_scale: 1
        min_aspect_ratio: 0.5
        max_aspect_ratio: 2
      }
      sample_constraint {
        min_jaccard_overlap: 0.9
      }
      max_sample: 1
      max_trials: 50
    }
    batch_sampler {
      sampler {
        min_scale: 0.3
        max_scale: 1
        min_aspect_ratio: 0.5
        max_aspect_ratio: 2
      }
      sample_constraint {
        max_jaccard_overlap: 1
      }
      max_sample: 1
      max_trials: 50
    }
    label_map_file: "data/grayscale_tbs_v2.0/labelmap_voc.prototxt"
  }
}
layer {
  name: "conv1_1"
  type: "Convolution"
  bottom: "data"
  top: "conv1_1"
  param {
    lr_mult: 1
    decay_mult: 1
  }
  param {
    lr_mult: 2
    decay_mult: 0
  }
  convolution_param {
    num_output: 64
    pad: 1
    kernel_size: 3
    weight_filler {
      type: "xavier"
    }
    bias_filler {
      type: "constant"
      value: 0
    }
  }
}
layer {
  name: "relu1_1"
  type: "ReLU"
  bottom: "conv1_1"
  top: "conv1_1"
}
layer {
  name: "conv1_2"
  type: "Convolution"
  bottom: "conv1_1"
  top: "conv1_2"
  param {
    lr_mult: 1
    decay_mult: 1
  }
  param {
    lr_mult: 2
    decay_mult: 0
  }
  convolution_param {
    num_output: 64
    pad: 1
    kernel_size: 3
    weight_filler {
      type: "xavier"
    }
    bias_filler {
      type: "constant"
      value: 0
    }
  }
}
layer {
  name: "relu1_2"
  type: "ReLU"
  bottom: "conv1_2"
  top: "conv1_2"
}
layer {
  name: "pool1"
  type: "Pooling"
  bottom: "conv1_2"
  top: "pool1"
  pooling_param {
    pool: MAX
    kernel_size: 2
    stride: 2
  }
}
layer {
  name: "conv2_1"
  type: "Convolution"
  bottom: "pool1"
  top: "conv2_1"
  param {
    lr_mult: 1
    decay_mult: 1
  }
  param {
    lr_mult: 2
    decay_mult: 0
  }
  convolution_param {
    num_output: 128
    pad: 1
    kernel_size: 3
    weight_filler {
      type: "xavier"
    }
    bias_filler {
      type: "constant"
      value: 0
    }
  }
}
layer {
  name: "relu2_1"
  type: "ReLU"
  bottom: "conv2_1"
  top: "conv2_1"
}
layer {
  name: "conv2_2"
  type: "Convolution"
  bottom: "conv2_1"
  top: "conv2_2"
  param {
    lr_mult: 1
    decay_mult: 1
  }
  param {
    lr_mult: 2
    decay_mult: 0
  }
  convolution_param {
    num_output: 128
    pad: 1
    kernel_size: 3
    weight_filler {
      type: "xavier"
    }
    bias_filler {
      type: "constant"
      value: 0
    }
  }
}
layer {
  name: "relu2_2"
  type: "ReLU"
  bottom: "conv2_2"
  top: "conv2_2"
}
layer {
  name: "pool2"
  type: "Pooling"
  bottom: "conv2_2"
  top: "pool2"
  pooling_param {
    pool: MAX
    kernel_size: 2
    stride: 2
  }
}
layer {
  name: "conv3_1"
  type: "Convolution"
  bottom: "pool2"
  top: "conv3_1"
  param {
    lr_mult: 1
    decay_mult: 1
  }
  param {
    lr_mult: 2
    decay_mult: 0
  }
  convolution_param {
    num_output: 256
    pad: 1
    kernel_size: 3
    weight_filler {
      type: "xavier"
    }
    bias_filler {
      type: "constant"
      value: 0
    }
  }
}
layer {
  name: "relu3_1"
  type: "ReLU"
  bottom: "conv3_1"
  top: "conv3_1"
}
layer {
  name: "conv3_2"
  type: "Convolution"
  bottom: "conv3_1"
  top: "conv3_2"
  param {
    lr_mult: 1
    decay_mult: 1
  }
  param {
    lr_mult: 2
    decay_mult: 0
  }
  convolution_param {
    num_output: 256
    pad: 1
    kernel_size: 3
    weight_filler {
      type: "xavier"
    }
    bias_filler {
      type: "constant"
      value: 0
    }
  }
}
layer {
  name: "relu3_2"
  type: "ReLU"
  bottom: "conv3_2"
  top: "conv3_2"
}
layer {
  name: "conv3_3"
  type: "Convolution"
  bottom: "conv3_2"
  top: "conv3_3"
  param {
    lr_mult: 1
    decay_mult: 1
  }
  param {
    lr_mult: 2
    decay_mult: 0
  }
  convolution_param {
    num_output: 256
    pad: 1
    kernel_size: 3
    weight_filler {
      type: "xavier"
    }
    bias_filler {
      type: "constant"
      value: 0
    }
  }
}
layer {
  name: "relu3_3"
  type: "ReLU"
  bottom: "conv3_3"
  top: "conv3_3"
}
layer {
  name: "pool3"
  type: "Pooling"
  bottom: "conv3_3"
  top: "pool3"
  pooling_param {
    pool: MAX
    kernel_size: 2
    stride: 2
  }
}
layer {
  name: "conv4_1"
  type: "Convolution"
  bottom: "pool3"
  top: "conv4_1"
  param {
    lr_mult: 1
    decay_mult: 1
  }
  param {
    lr_mult: 2
    decay_mult: 0
  }
  convolution_param {
    num_output: 512
    pad: 1
    kernel_size: 3
    weight_filler {
      type: "xavier"
    }
    bias_filler {
      type: "constant"
      value: 0
    }
  }
}
layer {
  name: "relu4_1"
  type: "ReLU"
  bottom: "conv4_1"
  top: "conv4_1"
}
layer {
  name: "conv4_2"
  type: "Convolution"
  bottom: "conv4_1"
  top: "conv4_2"
  param {
    lr_mult: 1
    decay_mult: 1
  }
  param {
    lr_mult: 2
    decay_mult: 0
  }
  convolution_param {
    num_output: 512
    pad: 1
    kernel_size: 3
    weight_filler {
      type: "xavier"
    }
    bias_filler {
      type: "constant"
      value: 0
    }
  }
}
layer {
  name: "relu4_2"
  type: "ReLU"
  bottom: "conv4_2"
  top: "conv4_2"
}
layer {
  name: "conv4_3"
  type: "Convolution"
  bottom: "conv4_2"
  top: "conv4_3"
  param {
    lr_mult: 1
    decay_mult: 1
  }
  param {
    lr_mult: 2
    decay_mult: 0
  }
  convolution_param {
    num_output: 512
    pad: 1
    kernel_size: 3
    weight_filler {
      type: "xavier"
    }
    bias_filler {
      type: "constant"
      value: 0
    }
  }
}
layer {
  name: "relu4_3"
  type: "ReLU"
  bottom: "conv4_3"
  top: "conv4_3"
}
layer {
  name: "pool4"
  type: "Pooling"
  bottom: "conv4_3"
  top: "pool4"
  pooling_param {
    pool: MAX
    kernel_size: 2
    stride: 2
  }
}
layer {
  name: "conv5_1"
  type: "Convolution"
  bottom: "pool4"
  top: "conv5_1"
  param {
    lr_mult: 1
    decay_mult: 1
  }
  param {
    lr_mult: 2
    decay_mult: 0
  }
  convolution_param {
    num_output: 512
    pad: 1
    kernel_size: 3
    weight_filler {
      type: "xavier"
    }
    bias_filler {
      type: "constant"
      value: 0
    }
    dilation: 1
  }
}
layer {
  name: "relu5_1"
  type: "ReLU"
  bottom: "conv5_1"
  top: "conv5_1"
}
layer {
  name: "conv5_2"
  type: "Convolution"
  bottom: "conv5_1"
  top: "conv5_2"
  param {
    lr_mult: 1
    decay_mult: 1
  }
  param {
    lr_mult: 2
    decay_mult: 0
  }
  convolution_param {
    num_output: 512
    pad: 1
    kernel_size: 3
    weight_filler {
      type: "xavier"
    }
    bias_filler {
      type: "constant"
      value: 0
    }
    dilation: 1
  }
}
layer {
  name: "relu5_2"
  type: "ReLU"
  bottom: "conv5_2"
  top: "conv5_2"
}
layer {
  name: "conv5_3"
  type: "Convolution"
  bottom: "conv5_2"
  top: "conv5_3"
  param {
    lr_mult: 1
    decay_mult: 1
  }
  param {
    lr_mult: 2
    decay_mult: 0
  }
  convolution_param {
    num_output: 512
    pad: 1
    kernel_size: 3
    weight_filler {
      type: "xavier"
    }
    bias_filler {
      type: "constant"
      value: 0
    }
    dilation: 1
  }
}
layer {
  name: "relu5_3"
  type: "ReLU"
  bottom: "conv5_3"
  top: "conv5_3"
}
layer {
  name: "pool5"
  type: "Pooling"
  bottom: "conv5_3"
  top: "pool5"
  pooling_param {
    pool: MAX
    kernel_size: 3
    stride: 1
    pad: 1
  }
}
layer {
  name: "fc6"
  type: "Convolution"
  bottom: "pool5"
  top: "fc6"
  param {
    lr_mult: 1
    decay_mult: 1
  }
  param {
    lr_mult: 2
    decay_mult: 0
  }
  convolution_param {
    num_output: 1024
    pad: 6
    kernel_size: 3
    weight_filler {
      type: "xavier"
    }
    bias_filler {
      type: "constant"
      value: 0
    }
    dilation: 6
  }
}
layer {
  name: "relu6"
  type: "ReLU"
  bottom: "fc6"
  top: "fc6"
}
layer {
  name: "fc7"
  type: "Convolution"
  bottom: "fc6"
  top: "fc7"
  param {
    lr_mult: 1
    decay_mult: 1
  }
  param {
    lr_mult: 2
    decay_mult: 0
  }
  convolution_param {
    num_output: 1024
    kernel_size: 1
    weight_filler {
      type: "xavier"
    }
    bias_filler {
      type: "constant"
      value: 0
    }
  }
}
layer {
  name: "relu7"
  type: "ReLU"
  bottom: "fc7"
  top: "fc7"
}
layer {
  name: "conv6_1"
  type: "Convolution"
  bottom: "fc7"
  top: "conv6_1"
  param {
    lr_mult: 1
    decay_mult: 1
  }
  param {
    lr_mult: 2
    decay_mult: 0
  }
  convolution_param {
    num_output: 256
    pad: 0
    kernel_size: 1
    stride: 1
    weight_filler {
      type: "xavier"
    }
    bias_filler {
      type: "constant"
      value: 0
    }
  }
}
layer {
  name: "conv6_1_relu"
  type: "ReLU"
  bottom: "conv6_1"
  top: "conv6_1"
}
layer {
  name: "conv6_2"
  type: "Convolution"
  bottom: "conv6_1"
  top: "conv6_2"
  param {
    lr_mult: 1
    decay_mult: 1
  }
  param {
    lr_mult: 2
    decay_mult: 0
  }
  convolution_param {
    num_output: 512
    pad: 1
    kernel_size: 3
    stride: 2
    weight_filler {
      type: "xavier"
    }
    bias_filler {
      type: "constant"
      value: 0
    }
  }
}
layer {
  name: "conv6_2_relu"
  type: "ReLU"
  bottom: "conv6_2"
  top: "conv6_2"
}
layer {
  name: "conv7_1"
  type: "Convolution"
  bottom: "conv6_2"
  top: "conv7_1"
  param {
    lr_mult: 1
    decay_mult: 1
  }
  param {
    lr_mult: 2
    decay_mult: 0
  }
  convolution_param {
    num_output: 128
    pad: 0
    kernel_size: 1
    stride: 1
    weight_filler {
      type: "xavier"
    }
    bias_filler {
      type: "constant"
      value: 0
    }
  }
}
layer {
  name: "conv7_1_relu"
  type: "ReLU"
  bottom: "conv7_1"
  top: "conv7_1"
}
layer {
  name: "conv7_2"
  type: "Convolution"
  bottom: "conv7_1"
  top: "conv7_2"
  param {
    lr_mult: 1
    decay_mult: 1
  }
  param {
    lr_mult: 2
    decay_mult: 0
  }
  convolution_param {
    num_output: 256
    pad: 1
    kernel_size: 3
    stride: 2
    weight_filler {
      type: "xavier"
    }
    bias_filler {
      type: "constant"
      value: 0
    }
  }
}
layer {
  name: "conv7_2_relu"
  type: "ReLU"
  bottom: "conv7_2"
  top: "conv7_2"
}
layer {
  name: "conv8_1"
  type: "Convolution"
  bottom: "conv7_2"
  top: "conv8_1"
  param {
    lr_mult: 1
    decay_mult: 1
  }
  param {
    lr_mult: 2
    decay_mult: 0
  }
  convolution_param {
    num_output: 128
    pad: 0
    kernel_size: 1
    stride: 1
    weight_filler {
      type: "xavier"
    }
    bias_filler {
      type: "constant"
      value: 0
    }
  }
}
layer {
  name: "conv8_1_relu"
  type: "ReLU"
  bottom: "conv8_1"
  top: "conv8_1"
}
layer {
  name: "conv8_2"
  type: "Convolution"
  bottom: "conv8_1"
  top: "conv8_2"
  param {
    lr_mult: 1
    decay_mult: 1
  }
  param {
    lr_mult: 2
    decay_mult: 0
  }
  convolution_param {
    num_output: 256
    pad: 0
    kernel_size: 3
    stride: 1
    weight_filler {
      type: "xavier"
    }
    bias_filler {
      type: "constant"
      value: 0
    }
  }
}
layer {
  name: "conv8_2_relu"
  type: "ReLU"
  bottom: "conv8_2"
  top: "conv8_2"
}
layer {
  name: "conv9_1"
  type: "Convolution"
  bottom: "conv8_2"
  top: "conv9_1"
  param {
    lr_mult: 1
    decay_mult: 1
  }
  param {
    lr_mult: 2
    decay_mult: 0
  }
  convolution_param {
    num_output: 128
    pad: 0
    kernel_size: 1
    stride: 1
    weight_filler {
      type: "xavier"
    }
    bias_filler {
      type: "constant"
      value: 0
    }
  }
}
layer {
  name: "conv9_1_relu"
  type: "ReLU"
  bottom: "conv9_1"
  top: "conv9_1"
}
layer {
  name: "conv9_2"
  type: "Convolution"
  bottom: "conv9_1"
  top: "conv9_2"
  param {
    lr_mult: 1
    decay_mult: 1
  }
  param {
    lr_mult: 2
    decay_mult: 0
  }
  convolution_param {
    num_output: 256
    pad: 0
    kernel_size: 3
    stride: 1
    weight_filler {
      type: "xavier"
    }
    bias_filler {
      type: "constant"
      value: 0
    }
  }
}
layer {
  name: "conv9_2_relu"
  type: "ReLU"
  bottom: "conv9_2"
  top: "conv9_2"
}
layer {
  name: "conv4_3_norm"
  type: "Normalize"
  bottom: "conv4_3"
  top: "conv4_3_norm"
  norm_param {
    across_spatial: false
    scale_filler {
      type: "constant"
      value: 20
    }
    channel_shared: false
  }
}
layer {
  name: "conv4_3_norm_mbox_loc"
  type: "Convolution"
  bottom: "conv4_3_norm"
  top: "conv4_3_norm_mbox_loc"
  param {
    lr_mult: 1
    decay_mult: 1
  }
  param {
    lr_mult: 2
    decay_mult: 0
  }
  convolution_param {
    num_output: 16
    pad: 1
    kernel_size: 3
    stride: 1
    weight_filler {
      type: "xavier"
    }
    bias_filler {
      type: "constant"
      value: 0
    }
  }
}
layer {
  name: "conv4_3_norm_mbox_loc_perm"
  type: "Permute"
  bottom: "conv4_3_norm_mbox_loc"
  top: "conv4_3_norm_mbox_loc_perm"
  permute_param {
    order: 0
    order: 2
    order: 3
    order: 1
  }
}
layer {
  name: "conv4_3_norm_mbox_loc_flat"
  type: "Flatten"
  bottom: "conv4_3_norm_mbox_loc_perm"
  top: "conv4_3_norm_mbox_loc_flat"
  flatten_param {
    axis: 1
  }
}
layer {
  name: "conv4_3_norm_mbox_conf"
  type: "Convolution"
  bottom: "conv4_3_norm"
  top: "conv4_3_norm_mbox_conf"
  param {
    lr_mult: 1
    decay_mult: 1
  }
  param {
    lr_mult: 2
    decay_mult: 0
  }
  convolution_param {
    num_output: 16
    pad: 1
    kernel_size: 3
    stride: 1
    weight_filler {
      type: "xavier"
    }
    bias_filler {
      type: "constant"
      value: 0
    }
  }
}
layer {
  name: "conv4_3_norm_mbox_conf_perm"
  type: "Permute"
  bottom: "conv4_3_norm_mbox_conf"
  top: "conv4_3_norm_mbox_conf_perm"
  permute_param {
    order: 0
    order: 2
    order: 3
    order: 1
  }
}
layer {
  name: "conv4_3_norm_mbox_conf_flat"
  type: "Flatten"
  bottom: "conv4_3_norm_mbox_conf_perm"
  top: "conv4_3_norm_mbox_conf_flat"
  flatten_param {
    axis: 1
  }
}
layer {
  name: "conv4_3_norm_mbox_priorbox"
  type: "PriorBox"
  bottom: "conv4_3_norm"
  bottom: "data"
  top: "conv4_3_norm_mbox_priorbox"
  prior_box_param {
    min_size: 30
    max_size: 60
    aspect_ratio: 2
    flip: true
    clip: false
    variance: 0.1
    variance: 0.1
    variance: 0.2
    variance: 0.2
    step: 8
    offset: 0.5
  }
}
layer {
  name: "fc7_mbox_loc"
  type: "Convolution"
  bottom: "fc7"
  top: "fc7_mbox_loc"
  param {
    lr_mult: 1
    decay_mult: 1
  }
  param {
    lr_mult: 2
    decay_mult: 0
  }
  convolution_param {
    num_output: 24
    pad: 1
    kernel_size: 3
    stride: 1
    weight_filler {
      type: "xavier"
    }
    bias_filler {
      type: "constant"
      value: 0
    }
  }
}
layer {
  name: "fc7_mbox_loc_perm"
  type: "Permute"
  bottom: "fc7_mbox_loc"
  top: "fc7_mbox_loc_perm"
  permute_param {
    order: 0
    order: 2
    order: 3
    order: 1
  }
}
layer {
  name: "fc7_mbox_loc_flat"
  type: "Flatten"
  bottom: "fc7_mbox_loc_perm"
  top: "fc7_mbox_loc_flat"
  flatten_param {
    axis: 1
  }
}
layer {
  name: "fc7_mbox_conf"
  type: "Convolution"
  bottom: "fc7"
  top: "fc7_mbox_conf"
  param {
    lr_mult: 1
    decay_mult: 1
  }
  param {
    lr_mult: 2
    decay_mult: 0
  }
  convolution_param {
    num_output: 24
    pad: 1
    kernel_size: 3
    stride: 1
    weight_filler {
      type: "xavier"
    }
    bias_filler {
      type: "constant"
      value: 0
    }
  }
}
layer {
  name: "fc7_mbox_conf_perm"
  type: "Permute"
  bottom: "fc7_mbox_conf"
  top: "fc7_mbox_conf_perm"
  permute_param {
    order: 0
    order: 2
    order: 3
    order: 1
  }
}
layer {
  name: "fc7_mbox_conf_flat"
  type: "Flatten"
  bottom: "fc7_mbox_conf_perm"
  top: "fc7_mbox_conf_flat"
  flatten_param {
    axis: 1
  }
}
layer {
  name: "fc7_mbox_priorbox"
  type: "PriorBox"
  bottom: "fc7"
  bottom: "data"
  top: "fc7_mbox_priorbox"
  prior_box_param {
    min_size: 60
    max_size: 111
    aspect_ratio: 2
    aspect_ratio: 3
    flip: true
    clip: false
    variance: 0.1
    variance: 0.1
    variance: 0.2
    variance: 0.2
    step: 16
    offset: 0.5
  }
}
layer {
  name: "conv6_2_mbox_loc"
  type: "Convolution"
  bottom: "conv6_2"
  top: "conv6_2_mbox_loc"
  param {
    lr_mult: 1
    decay_mult: 1
  }
  param {
    lr_mult: 2
    decay_mult: 0
  }
  convolution_param {
    num_output: 24
    pad: 1
    kernel_size: 3
    stride: 1
    weight_filler {
      type: "xavier"
    }
    bias_filler {
      type: "constant"
      value: 0
    }
  }
}
layer {
  name: "conv6_2_mbox_loc_perm"
  type: "Permute"
  bottom: "conv6_2_mbox_loc"
  top: "conv6_2_mbox_loc_perm"
  permute_param {
    order: 0
    order: 2
    order: 3
    order: 1
  }
}
layer {
  name: "conv6_2_mbox_loc_flat"
  type: "Flatten"
  bottom: "conv6_2_mbox_loc_perm"
  top: "conv6_2_mbox_loc_flat"
  flatten_param {
    axis: 1
  }
}
layer {
  name: "conv6_2_mbox_conf"
  type: "Convolution"
  bottom: "conv6_2"
  top: "conv6_2_mbox_conf"
  param {
    lr_mult: 1
    decay_mult: 1
  }
  param {
    lr_mult: 2
    decay_mult: 0
  }
  convolution_param {
    num_output: 24
    pad: 1
    kernel_size: 3
    stride: 1
    weight_filler {
      type: "xavier"
    }
    bias_filler {
      type: "constant"
      value: 0
    }
  }
}
layer {
  name: "conv6_2_mbox_conf_perm"
  type: "Permute"
  bottom: "conv6_2_mbox_conf"
  top: "conv6_2_mbox_conf_perm"
  permute_param {
    order: 0
    order: 2
    order: 3
    order: 1
  }
}
layer {
  name: "conv6_2_mbox_conf_flat"
  type: "Flatten"
  bottom: "conv6_2_mbox_conf_perm"
  top: "conv6_2_mbox_conf_flat"
  flatten_param {
    axis: 1
  }
}
layer {
  name: "conv6_2_mbox_priorbox"
  type: "PriorBox"
  bottom: "conv6_2"
  bottom: "data"
  top: "conv6_2_mbox_priorbox"
  prior_box_param {
    min_size: 111
    max_size: 162
    aspect_ratio: 2
    aspect_ratio: 3
    flip: true
    clip: false
    variance: 0.1
    variance: 0.1
    variance: 0.2
    variance: 0.2
    step: 32
    offset: 0.5
  }
}
layer {
  name: "conv7_2_mbox_loc"
  type: "Convolution"
  bottom: "conv7_2"
  top: "conv7_2_mbox_loc"
  param {
    lr_mult: 1
    decay_mult: 1
  }
  param {
    lr_mult: 2
    decay_mult: 0
  }
  convolution_param {
    num_output: 24
    pad: 1
    kernel_size: 3
    stride: 1
    weight_filler {
      type: "xavier"
    }
    bias_filler {
      type: "constant"
      value: 0
    }
  }
}
layer {
  name: "conv7_2_mbox_loc_perm"
  type: "Permute"
  bottom: "conv7_2_mbox_loc"
  top: "conv7_2_mbox_loc_perm"
  permute_param {
    order: 0
    order: 2
    order: 3
    order: 1
  }
}
layer {
  name: "conv7_2_mbox_loc_flat"
  type: "Flatten"
  bottom: "conv7_2_mbox_loc_perm"
  top: "conv7_2_mbox_loc_flat"
  flatten_param {
    axis: 1
  }
}
layer {
  name: "conv7_2_mbox_conf"
  type: "Convolution"
  bottom: "conv7_2"
  top: "conv7_2_mbox_conf"
  param {
    lr_mult: 1
    decay_mult: 1
  }
  param {
    lr_mult: 2
    decay_mult: 0
  }
  convolution_param {
    num_output: 24
    pad: 1
    kernel_size: 3
    stride: 1
    weight_filler {
      type: "xavier"
    }
    bias_filler {
      type: "constant"
      value: 0
    }
  }
}
layer {
  name: "conv7_2_mbox_conf_perm"
  type: "Permute"
  bottom: "conv7_2_mbox_conf"
  top: "conv7_2_mbox_conf_perm"
  permute_param {
    order: 0
    order: 2
    order: 3
    order: 1
  }
}
layer {
  name: "conv7_2_mbox_conf_flat"
  type: "Flatten"
  bottom: "conv7_2_mbox_conf_perm"
  top: "conv7_2_mbox_conf_flat"
  flatten_param {
    axis: 1
  }
}
layer {
  name: "conv7_2_mbox_priorbox"
  type: "PriorBox"
  bottom: "conv7_2"
  bottom: "data"
  top: "conv7_2_mbox_priorbox"
  prior_box_param {
    min_size: 162
    max_size: 213
    aspect_ratio: 2
    aspect_ratio: 3
    flip: true
    clip: false
    variance: 0.1
    variance: 0.1
    variance: 0.2
    variance: 0.2
    step: 64
    offset: 0.5
  }
}
layer {
  name: "conv8_2_mbox_loc"
  type: "Convolution"
  bottom: "conv8_2"
  top: "conv8_2_mbox_loc"
  param {
    lr_mult: 1
    decay_mult: 1
  }
  param {
    lr_mult: 2
    decay_mult: 0
  }
  convolution_param {
    num_output: 16
    pad: 1
    kernel_size: 3
    stride: 1
    weight_filler {
      type: "xavier"
    }
    bias_filler {
      type: "constant"
      value: 0
    }
  }
}
layer {
  name: "conv8_2_mbox_loc_perm"
  type: "Permute"
  bottom: "conv8_2_mbox_loc"
  top: "conv8_2_mbox_loc_perm"
  permute_param {
    order: 0
    order: 2
    order: 3
    order: 1
  }
}
layer {
  name: "conv8_2_mbox_loc_flat"
  type: "Flatten"
  bottom: "conv8_2_mbox_loc_perm"
  top: "conv8_2_mbox_loc_flat"
  flatten_param {
    axis: 1
  }
}
layer {
  name: "conv8_2_mbox_conf"
  type: "Convolution"
  bottom: "conv8_2"
  top: "conv8_2_mbox_conf"
  param {
    lr_mult: 1
    decay_mult: 1
  }
  param {
    lr_mult: 2
    decay_mult: 0
  }
  convolution_param {
    num_output: 16
    pad: 1
    kernel_size: 3
    stride: 1
    weight_filler {
      type: "xavier"
    }
    bias_filler {
      type: "constant"
      value: 0
    }
  }
}
layer {
  name: "conv8_2_mbox_conf_perm"
  type: "Permute"
  bottom: "conv8_2_mbox_conf"
  top: "conv8_2_mbox_conf_perm"
  permute_param {
    order: 0
    order: 2
    order: 3
    order: 1
  }
}
layer {
  name: "conv8_2_mbox_conf_flat"
  type: "Flatten"
  bottom: "conv8_2_mbox_conf_perm"
  top: "conv8_2_mbox_conf_flat"
  flatten_param {
    axis: 1
  }
}
layer {
  name: "conv8_2_mbox_priorbox"
  type: "PriorBox"
  bottom: "conv8_2"
  bottom: "data"
  top: "conv8_2_mbox_priorbox"
  prior_box_param {
    min_size: 213
    max_size: 264
    aspect_ratio: 2
    flip: true
    clip: false
    variance: 0.1
    variance: 0.1
    variance: 0.2
    variance: 0.2
    step: 100
    offset: 0.5
  }
}
layer {
  name: "conv9_2_mbox_loc"
  type: "Convolution"
  bottom: "conv9_2"
  top: "conv9_2_mbox_loc"
  param {
    lr_mult: 1
    decay_mult: 1
  }
  param {
    lr_mult: 2
    decay_mult: 0
  }
  convolution_param {
    num_output: 16
    pad: 1
    kernel_size: 3
    stride: 1
    weight_filler {
      type: "xavier"
    }
    bias_filler {
      type: "constant"
      value: 0
    }
  }
}
layer {
  name: "conv9_2_mbox_loc_perm"
  type: "Permute"
  bottom: "conv9_2_mbox_loc"
  top: "conv9_2_mbox_loc_perm"
  permute_param {
    order: 0
    order: 2
    order: 3
    order: 1
  }
}
layer {
  name: "conv9_2_mbox_loc_flat"
  type: "Flatten"
  bottom: "conv9_2_mbox_loc_perm"
  top: "conv9_2_mbox_loc_flat"
  flatten_param {
    axis: 1
  }
}
layer {
  name: "conv9_2_mbox_conf"
  type: "Convolution"
  bottom: "conv9_2"
  top: "conv9_2_mbox_conf"
  param {
    lr_mult: 1
    decay_mult: 1
  }
  param {
    lr_mult: 2
    decay_mult: 0
  }
  convolution_param {
    num_output: 16
    pad: 1
    kernel_size: 3
    stride: 1
    weight_filler {
      type: "xavier"
    }
    bias_filler {
      type: "constant"
      value: 0
    }
  }
}
layer {
  name: "conv9_2_mbox_conf_perm"
  type: "Permute"
  bottom: "conv9_2_mbox_conf"
  top: "conv9_2_mbox_conf_perm"
  permute_param {
    order: 0
    order: 2
    order: 3
    order: 1
  }
}
layer {
  name: "conv9_2_mbox_conf_flat"
  type: "Flatten"
  bottom: "conv9_2_mbox_conf_perm"
  top: "conv9_2_mbox_conf_flat"
  flatten_param {
    axis: 1
  }
}
layer {
  name: "conv9_2_mbox_priorbox"
  type: "PriorBox"
  bottom: "conv9_2"
  bottom: "data"
  top: "conv9_2_mbox_priorbox"
  prior_box_param {
    min_size: 264
    max_size: 315
    aspect_ratio: 2
    flip: true
    clip: false
    variance: 0.1
    variance: 0.1
    variance: 0.2
    variance: 0.2
    step: 300
    offset: 0.5
  }
}
layer {
  name: "mbox_loc"
  type: "Concat"
  bottom: "conv4_3_norm_mbox_loc_flat"
  bottom: "fc7_mbox_loc_flat"
  bottom: "conv6_2_mbox_loc_flat"
  bottom: "conv7_2_mbox_loc_flat"
  bottom: "conv8_2_mbox_loc_flat"
  bottom: "conv9_2_mbox_loc_flat"
  top: "mbox_loc"
  concat_param {
    axis: 1
  }
}
layer {
  name: "mbox_conf"
  type: "Concat"
  bottom: "conv4_3_norm_mbox_conf_flat"
  bottom: "fc7_mbox_conf_flat"
  bottom: "conv6_2_mbox_conf_flat"
  bottom: "conv7_2_mbox_conf_flat"
  bottom: "conv8_2_mbox_conf_flat"
  bottom: "conv9_2_mbox_conf_flat"
  top: "mbox_conf"
  concat_param {
    axis: 1
  }
}
layer {
  name: "mbox_priorbox"
  type: "Concat"
  bottom: "conv4_3_norm_mbox_priorbox"
  bottom: "fc7_mbox_priorbox"
  bottom: "conv6_2_mbox_priorbox"
  bottom: "conv7_2_mbox_priorbox"
  bottom: "conv8_2_mbox_priorbox"
  bottom: "conv9_2_mbox_priorbox"
  top: "mbox_priorbox"
  concat_param {
    axis: 2
  }
}
layer {
  name: "mbox_loss"
  type: "MultiBoxLoss"
  bottom: "mbox_loc"
  bottom: "mbox_conf"
  bottom: "mbox_priorbox"
  bottom: "label"
  top: "mbox_loss"
  include {
    phase: TRAIN
  }
  propagate_down: true
  propagate_down: true
  propagate_down: false
  propagate_down: false
  loss_param {
    normalization: VALID
  }
  multibox_loss_param {
    loc_loss_type: SMOOTH_L1
    conf_loss_type: SOFTMAX
    loc_weight: 1
    num_classes: 4
    share_location: true
    match_type: PER_PREDICTION
    overlap_threshold: 0.5
    use_prior_for_matching: true
    background_label_id: 0
    use_difficult_gt: true
    neg_pos_ratio: 3
    neg_overlap: 0.5
    code_type: CENTER_SIZE
    ignore_cross_boundary_bbox: false
    mining_type: MAX_NEGATIVE
  }
}
I0609 14:20:24.038336 28309 layer_factory.hpp:77] Creating layer data
I0609 14:20:24.038543 28309 net.cpp:100] Creating Layer data
I0609 14:20:24.038553 28309 net.cpp:408] data -> data
I0609 14:20:24.038581 28309 net.cpp:408] data -> label
I0609 14:20:24.039052 28322 db_lmdb.cpp:35] Opened lmdb examples/grayscale_tbs_v2.0/grayscale_tbs_v2.0_test_lmdb
I0609 14:20:24.048862 28309 annotated_data_layer.cpp:62] output data size: 4,1,300,300
I0609 14:20:24.053920 28309 net.cpp:150] Setting up data
I0609 14:20:24.053968 28309 net.cpp:157] Top shape: 4 1 300 300 (360000)
I0609 14:20:24.053972 28309 net.cpp:157] Top shape: 1 1 1 8 (8)
I0609 14:20:24.053988 28309 net.cpp:165] Memory required for data: 1440032
I0609 14:20:24.053997 28309 layer_factory.hpp:77] Creating layer data_data_0_split
I0609 14:20:24.054006 28309 net.cpp:100] Creating Layer data_data_0_split
I0609 14:20:24.054010 28309 net.cpp:434] data_data_0_split <- data
I0609 14:20:24.054021 28309 net.cpp:408] data_data_0_split -> data_data_0_split_0
I0609 14:20:24.054030 28309 net.cpp:408] data_data_0_split -> data_data_0_split_1
I0609 14:20:24.054034 28309 net.cpp:408] data_data_0_split -> data_data_0_split_2
I0609 14:20:24.054039 28309 net.cpp:408] data_data_0_split -> data_data_0_split_3
I0609 14:20:24.054044 28309 net.cpp:408] data_data_0_split -> data_data_0_split_4
I0609 14:20:24.054049 28309 net.cpp:408] data_data_0_split -> data_data_0_split_5
I0609 14:20:24.054052 28309 net.cpp:408] data_data_0_split -> data_data_0_split_6
I0609 14:20:24.054121 28309 net.cpp:150] Setting up data_data_0_split
I0609 14:20:24.054126 28309 net.cpp:157] Top shape: 4 1 300 300 (360000)
I0609 14:20:24.054129 28309 net.cpp:157] Top shape: 4 1 300 300 (360000)
I0609 14:20:24.054131 28309 net.cpp:157] Top shape: 4 1 300 300 (360000)
I0609 14:20:24.054134 28309 net.cpp:157] Top shape: 4 1 300 300 (360000)
I0609 14:20:24.054137 28309 net.cpp:157] Top shape: 4 1 300 300 (360000)
I0609 14:20:24.054141 28309 net.cpp:157] Top shape: 4 1 300 300 (360000)
I0609 14:20:24.054143 28309 net.cpp:157] Top shape: 4 1 300 300 (360000)
I0609 14:20:24.054146 28309 net.cpp:165] Memory required for data: 11520032
I0609 14:20:24.054148 28309 layer_factory.hpp:77] Creating layer conv1_1
I0609 14:20:24.054159 28309 net.cpp:100] Creating Layer conv1_1
I0609 14:20:24.054162 28309 net.cpp:434] conv1_1 <- data_data_0_split_0
I0609 14:20:24.054167 28309 net.cpp:408] conv1_1 -> conv1_1
OpenCV Error: Assertion failed ((scn == 3 || scn == 4) && (depth == CV_8U || depth == CV_32F)) in cvtColor, file /build/opencv-SviWsf/opencv-2.4.9.1+dfsg/modules/imgproc/src/color.cpp, line 3959
terminate called after throwing an instance of 'cv::Exception'
  what():  /build/opencv-SviWsf/opencv-2.4.9.1+dfsg/modules/imgproc/src/color.cpp:3959: error: (-215) (scn == 3 || scn == 4) && (depth == CV_8U || depth == CV_32F) in function cvtColor

*** Aborted at 1496989224 (unix time) try "date -d @1496989224" if you are using GNU date ***
PC: @     0x7fc79f5f9428 (unknown)
*** SIGABRT (@0x3e900006e95) received by PID 28309 (TID 0x7fc758ffe700) from PID 28309; stack trace: ***
    @     0x7fc79f5f94b0 (unknown)
    @     0x7fc79f5f9428 (unknown)
    @     0x7fc79f5fb02a (unknown)
    @     0x7fc79fc3284d (unknown)
    @     0x7fc79fc306b6 (unknown)
    @     0x7fc79fc30701 (unknown)
    @     0x7fc79fc30919 (unknown)
    @     0x7fc792a1cc66 (unknown)
    @     0x7fc792434f91 (unknown)
    @     0x7fc7a0ee4ca7 caffe::AdjustSaturation()
    @     0x7fc7a0ee91db caffe::RandomSaturation()
    @     0x7fc7a0ee985e caffe::ApplyDistort()
    @     0x7fc7a0d0ef52 caffe::DataTransformer<>::DistortImage()
    @     0x7fc7a0ea5286 caffe::AnnotatedDataLayer<>::load_batch()
    @     0x7fc7a0e2072f caffe::BasePrefetchingDataLayer<>::InternalThreadEntry()
    @     0x7fc7a0f8c0c5 caffe::InternalThread::entry()
    @     0x7fc7920835d5 (unknown)
    @     0x7fc78fabf6ba start_thread
    @     0x7fc79f6ca82d (unknown)
